[EL Info]: 2018-02-28 18:37:09.242--ServerSession(121113063)--EclipseLink, version: Eclipse Persistence Services - 2.6.5.v20170607-b3d05bd
[EL Info]: connection: 2018-02-28 18:37:09.724--ServerSession(121113063)--/file:/C:/Users/Jarno/git/HaurIPSCRanking/HaurRanking/target/classes/_fi.haur_ranking.jpa login successful
[EL Warning]: 2018-02-28 18:37:09.896--ServerSession(121113063)--Exception [EclipseLink-4002] (Eclipse Persistence Services - 2.6.5.v20170607-b3d05bd): org.eclipse.persistence.exceptions.DatabaseException
Internal Exception: java.sql.SQLSyntaxErrorException: object name already exists: FK_STAGESCORESHEET_COMPETITOR_ID in statement [ALTER TABLE StageScoreSheet ADD CONSTRAINT FK_StageScoreSheet_COMPETITOR_ID FOREIGN KEY (COMPETITOR_ID) REFERENCES Competitor (ID)]
Error Code: -5504
Call: ALTER TABLE StageScoreSheet ADD CONSTRAINT FK_StageScoreSheet_COMPETITOR_ID FOREIGN KEY (COMPETITOR_ID) REFERENCES Competitor (ID)
Query: DataModifyQuery(sql="ALTER TABLE StageScoreSheet ADD CONSTRAINT FK_StageScoreSheet_COMPETITOR_ID FOREIGN KEY (COMPETITOR_ID) REFERENCES Competitor (ID)")
[EL Warning]: 2018-02-28 18:37:09.898--ServerSession(121113063)--Exception [EclipseLink-4002] (Eclipse Persistence Services - 2.6.5.v20170607-b3d05bd): org.eclipse.persistence.exceptions.DatabaseException
Internal Exception: java.sql.SQLSyntaxErrorException: object name already exists: FK_STAGE_MATCH_ID in statement [ALTER TABLE Stage ADD CONSTRAINT FK_Stage_MATCH_ID FOREIGN KEY (MATCH_ID) REFERENCES Match (ID)]
Error Code: -5504
Call: ALTER TABLE Stage ADD CONSTRAINT FK_Stage_MATCH_ID FOREIGN KEY (MATCH_ID) REFERENCES Match (ID)
Query: DataModifyQuery(sql="ALTER TABLE Stage ADD CONSTRAINT FK_Stage_MATCH_ID FOREIGN KEY (MATCH_ID) REFERENCES Match (ID)")
[EL Warning]: 2018-02-28 18:37:09.899--ServerSession(121113063)--Exception [EclipseLink-4002] (Eclipse Persistence Services - 2.6.5.v20170607-b3d05bd): org.eclipse.persistence.exceptions.DatabaseException
Internal Exception: java.sql.SQLSyntaxErrorException: object name already exists: FK_DIVISIONRANKINGROW_DIVISIONRANKING_ID in statement [ALTER TABLE DivisionRankingRow ADD CONSTRAINT FK_DivisionRankingRow_DIVISIONRANKING_ID FOREIGN KEY (DIVISIONRANKING_ID) REFERENCES DivisionRanking (ID)]
Error Code: -5504
Call: ALTER TABLE DivisionRankingRow ADD CONSTRAINT FK_DivisionRankingRow_DIVISIONRANKING_ID FOREIGN KEY (DIVISIONRANKING_ID) REFERENCES DivisionRanking (ID)
Query: DataModifyQuery(sql="ALTER TABLE DivisionRankingRow ADD CONSTRAINT FK_DivisionRankingRow_DIVISIONRANKING_ID FOREIGN KEY (DIVISIONRANKING_ID) REFERENCES DivisionRanking (ID)")
[EL Warning]: 2018-02-28 18:37:09.9--ServerSession(121113063)--Exception [EclipseLink-4002] (Eclipse Persistence Services - 2.6.5.v20170607-b3d05bd): org.eclipse.persistence.exceptions.DatabaseException
Internal Exception: java.sql.SQLSyntaxErrorException: object name already exists: FK_RANKING_DIVISIONRANKING_RANKING_ID in statement [ALTER TABLE Ranking_DivisionRanking ADD CONSTRAINT FK_Ranking_DivisionRanking_Ranking_ID FOREIGN KEY (Ranking_ID) REFERENCES Ranking (ID)]
Error Code: -5504
Call: ALTER TABLE Ranking_DivisionRanking ADD CONSTRAINT FK_Ranking_DivisionRanking_Ranking_ID FOREIGN KEY (Ranking_ID) REFERENCES Ranking (ID)
Query: DataModifyQuery(sql="ALTER TABLE Ranking_DivisionRanking ADD CONSTRAINT FK_Ranking_DivisionRanking_Ranking_ID FOREIGN KEY (Ranking_ID) REFERENCES Ranking (ID)")
[EL Warning]: 2018-02-28 18:37:09.9--ServerSession(121113063)--Exception [EclipseLink-4002] (Eclipse Persistence Services - 2.6.5.v20170607-b3d05bd): org.eclipse.persistence.exceptions.DatabaseException
Internal Exception: java.sql.SQLSyntaxErrorException: object name already exists: DIVISIONRANKING_DIVISIONRANKINGROW_RANKINGROWS_ID in statement [ALTER TABLE DivisionRanking_DivisionRankingRow ADD CONSTRAINT DivisionRanking_DivisionRankingRow_rankingRows_ID FOREIGN KEY (rankingRows_ID) REFERENCES DivisionRankingRow (ID)]
Error Code: -5504
Call: ALTER TABLE DivisionRanking_DivisionRankingRow ADD CONSTRAINT DivisionRanking_DivisionRankingRow_rankingRows_ID FOREIGN KEY (rankingRows_ID) REFERENCES DivisionRankingRow (ID)
Query: DataModifyQuery(sql="ALTER TABLE DivisionRanking_DivisionRankingRow ADD CONSTRAINT DivisionRanking_DivisionRankingRow_rankingRows_ID FOREIGN KEY (rankingRows_ID) REFERENCES DivisionRankingRow (ID)")
[EL Info]: connection: 2018-02-28 18:40:39.69--ServerSession(121113063)--/file:/C:/Users/Jarno/git/HaurIPSCRanking/HaurRanking/target/classes/_fi.haur_ranking.jpa logout successful
